build/app/outputs/mapping/release/seeds.txt
com.example.tugas_akhir.MainActivity: MainActivity()
com.example.tugas_akhir.MainActivity
...
androidx.annotation.Keep
androidx.appcompat.widget.AppCompatAutoCompleteTextView: void setBackgroundResource(int)
com.yalantis.ucrop.view.CropImageView: void setCropRect(android.graphics.RectF)
io.flutter.embedding.engine.mutatorsstack.FlutterMutatorsStack: FlutterMutatorsStack()
androidx.appcompat.widget.LinearLayoutCompat: int getBaselineAlignedChildIndex()
androidx.appcompat.widget.ActionMenuView: void setExpandedActionViewsExclusive(boolean)
io.flutter.embedding.engine.systemchannels.PlatformChannel$SystemUiOverlay: io.flutter.embedding.engine.systemchannels.PlatformChannel$SystemUiOverlay[] values()
androidx.appcompat.widget.ActionBarOverlayLayout: void setOverlayMode(boolean)
io.flutter.embedding.engine.FlutterJNI: android.graphics.Bitmap nativeGetBitmap(long)
androidx.appcompat.widget.LinearLayoutCompat: int getBaseline()
androidx.fragment.app.Fragment$5
androidx.vectordrawable.graphics.drawable.VectorDrawableCompat$VPath: androidx.core.graphics.PathParser$PathDataNode[] getPathData()
androidx.savedstate.SavedStateRegistry$1
androidx.appcompat.widget.AppCompatTextView: int getAutoSizeStepGranularity()
io.flutter.embedding.engine.systemchannels.PlatformChannel$SoundType: io.flutter.embedding.engine.systemchannels.PlatformChannel$SoundType[] values()
androidx.appcompat.widget.AppCompatAutoCompleteTextView: void setDropDownBackgroundResource(int)
io.flutter.embedding.engine.systemchannels.PlatformChannel$ClipboardContentFormat: io.flutter.embedding.engine.systemchannels.PlatformChannel$ClipboardContentFormat[] values()
io.flutter.view.AccessibilityViewEmbedder: android.view.accessibility.AccessibilityNodeInfo convertToFlutterNode(android.view.accessibility.AccessibilityNodeInfo,int,android.view.View)
androidx.appcompat.widget.MenuPopupWindow$MenuDropDownListView
androidx.appcompat.widget.AppCompatTextView: void setFirstBaselineToTopHeight(int)
io.flutter.embedding.engine.FlutterJNI: java.util.Set engineLifecycleListeners
io.flutter.view.AccessibilityViewEmbedder: boolean performAction(int,int,android.os.Bundle)
androidx.appcompat.widget.Toolbar: void setOnMenuItemClickListener(androidx.appcompat.widget.Toolbar$OnMenuItemClickListener)
androidx.lifecycle.ReportFragment$LifecycleCallbacks: void onActivityPaused(android.app.Activity)
io.flutter.plugins.urllauncher.WebViewActivity
androidx.lifecycle.ReportFragment$LifecycleCallbacks: void onActivityDestroyed(android.app.Activity)
androidx.appcompat.widget.Toolbar: int getContentInsetStart()
androidx.appcompat.widget.AppCompatEditText: android.graphics.PorterDuff$Mode getSupportBackgroundTintMode()
androidx.appcompat.widget.Toolbar: void setOverflowIcon(android.graphics.drawable.Drawable)
androidx.vectordrawable.graphics.drawable.VectorDrawableCompat$VGroup: void setPivotX(float)
io.flutter.plugin.editing.ImeSyncDeferringInsetsCallback: boolean animating
io.flutter.plugin.editing.ImeSyncDeferringInsetsCallback: int access$500(io.flutter.plugin.editing.ImeSyncDeferringInsetsCallback)
androidx.appcompat.widget.ContentFrameLayout: void setAttachListener(androidx.appcompat.widget.ContentFrameLayout$OnAttachListener)
androidx.activity.ComponentActivity
io.flutter.plugin.platform.SingleViewPresentation: int viewId
androidx.vectordrawable.graphics.drawable.VectorDrawableCompat$VGroup: float getTranslateY()
androidx.appcompat.widget.LinearLayoutCompat: float getWeightSum()
com.yalantis.ucrop.view.UCropView: com.yalantis.ucrop.view.GestureCropImageView getCropImageView()
androidx.appcompat.widget.Toolbar: int getCurrentContentInsetStart()
androidx.activity.ComponentActivity$3
io.flutter.view.AccessibilityViewEmbedder: int nextFlutterId
androidx.appcompat.widget.AppCompatTextView: void setBackgroundResource(int)
androidx.appcompat.widget.ActionBarOverlayLayout
androidx.appcompat.widget.AppCompatAutoCompleteTextView: void setSupportBackgroundTintMode(android.graphics.PorterDuff$Mode)