build/app/outputs/mapping/release/mapping.txt
# compiler: R8
# compiler_version: 2.1.62
# min_api: 16
# pg_map_id: eec85d2
# common_typos_disable
...
androidx.transition.TransitionSet$TransitionSetListener -> b.l.q$b:
    androidx.transition.TransitionSet mTransitionSet -> a
    void onTransitionStart(androidx.transition.Transition) -> c
    void onTransitionEnd(androidx.transition.Transition) -> e
androidx.transition.TransitionUtils -> b.l.r:
    boolean HAS_IS_ATTACHED_TO_WINDOW -> a
    boolean HAS_OVERLAY -> b
    boolean HAS_PICTURE_BITMAP -> c
    android.view.View copyViewImage(android.view.ViewGroup,android.view.View,android.view.View) -> a
    android.graphics.Bitmap createViewBitmap(android.view.View,android.graphics.Matrix,android.graphics.RectF,android.view.ViewGroup) -> b
    android.animation.Animator mergeAnimators(android.animation.Animator,android.animation.Animator) -> c
androidx.transition.TransitionValues -> b.l.s:
    java.util.Map values -> a
    android.view.View view -> b
    java.util.ArrayList mTargetedTransitions -> c
androidx.transition.TransitionValuesMaps -> b.l.t:
    android.util.SparseArray mIdValues -> b
    androidx.collection.ArrayMap mNameValues -> d
    androidx.collection.ArrayMap mViewValues -> a
    androidx.collection.LongSparseArray mItemIdValues -> c
androidx.transition.ViewGroupOverlayApi14 -> b.l.u:
    void add(android.view.View) -> a
    void remove(android.view.View) -> c
    androidx.transition.ViewGroupOverlayApi14 createFrom(android.view.ViewGroup) -> g
androidx.transition.ViewGroupOverlayApi18 -> b.l.v:
    android.view.ViewGroupOverlay mViewGroupOverlay -> a
    void add(android.view.View) -> a
    void add(android.graphics.drawable.Drawable) -> b
    void remove(android.view.View) -> c
    void remove(android.graphics.drawable.Drawable) -> d
androidx.transition.ViewGroupOverlayImpl -> b.l.w:
    void add(android.view.View) -> a
    void remove(android.view.View) -> c
androidx.transition.ViewGroupUtils -> b.l.x:
    boolean sTryHiddenSuppressLayout -> a
    androidx.transition.ViewGroupOverlayImpl getOverlay(android.view.ViewGroup) -> a
    void hiddenSuppressLayout(android.view.ViewGroup,boolean) -> b
    void suppressLayout(android.view.ViewGroup,boolean) -> c
androidx.transition.ViewGroupUtilsApi14 -> b.l.y:
    boolean sCancelMethodFetched -> e
    java.lang.reflect.Method sCancelMethod -> d
    java.lang.reflect.Field sLayoutSuppressedField -> b
    android.animation.LayoutTransition sEmptyLayoutTransition -> a
    boolean sLayoutSuppressedFieldFetched -> c
    void cancelLayoutTransition(android.animation.LayoutTransition) -> a
    void suppressLayout(android.view.ViewGroup,boolean) -> b
androidx.transition.ViewGroupUtilsApi14$1 -> b.l.y$a:
androidx.transition.ViewOverlayApi14 -> b.l.z:
    androidx.transition.ViewOverlayApi14$OverlayViewGroup mOverlayViewGroup -> a
    void add(android.graphics.drawable.Drawable) -> b
    void remove(android.graphics.drawable.Drawable) -> d
    androidx.transition.ViewOverlayApi14 createFrom(android.view.View) -> e
    android.view.ViewGroup getContentView(android.view.View) -> f
androidx.transition.ViewOverlayApi14$OverlayViewGroup -> b.l.z$a:
    android.view.ViewGroup mHostView -> b
    androidx.transition.ViewOverlayApi14 mViewOverlay -> e
    boolean mDisposed -> f
    android.view.View mRequestingView -> c
    java.util.ArrayList mDrawables -> d
    void add(android.graphics.drawable.Drawable) -> a
    void add(android.view.View) -> b
    void assertNotDisposed() -> c
    void disposeIfEmpty() -> d
    void getOffset(int[]) -> e
    void remove(android.graphics.drawable.Drawable) -> f
    void remove(android.view.View) -> g
androidx.transition.ViewOverlayApi18 -> b.l.a0:
    android.view.ViewOverlay mViewOverlay -> a
    void add(android.graphics.drawable.Drawable) -> b
    void remove(android.graphics.drawable.Drawable) -> d
androidx.transition.ViewOverlayImpl -> b.l.b0:
    void add(android.graphics.drawable.Drawable) -> b
    void remove(android.graphics.drawable.Drawable) -> d