build/app/outputs/mapping/release/usage.txt
com.example.tugas_akhir.R$drawable
com.example.tugas_akhir.R$bool
com.example.tugas_akhir.R
com.example.tugas_akhir.R$id
com.example.tugas_akhir.R$anim
com.example.tugas_akhir.R$attr
com.example.tugas_akhir.R$color
com.example.tugas_akhir.R$mipmap
com.example.tugas_akhir.R$styleable
com.example.tugas_akhir.BuildConfig
com.example.tugas_akhir.R$menu
com.example.tugas_akhir.R$layout
com.example.tugas_akhir.R$style
com.example.tugas_akhir.R$xml
com.example.tugas_akhir.R$animator
com.example.tugas_akhir.R$string
com.example.tugas_akhir.R$integer
com.example.tugas_akhir.R$interpolator
com.example.tugas_akhir.R$dimen
...
androidx.fragment.app.FragmentManager$PopBackStackState
okhttp3.internal.http.RequestLine:
    private void <init>()
kotlin.internal.NoInfer
androidx.fragment.app.FragmentTabHost$SavedState$1
androidx.appcompat.widget.AppCompatCheckBox:
    public void <init>(android.content.Context)
kotlin.jvm.internal.DoubleCompanionObject
kotlin.collections.GroupingKt__GroupingKt
androidx.core.app.ServiceCompat$StopForegroundFlags
androidx.loader.R$style
kotlin.UIntArray$Iterator
io.flutter.util.ViewUtils:
    public void <init>()
androidx.core.net.ConnectivityManagerCompat
androidx.core.view.DisplayCompat$ModeCompat
androidx.customview.R$styleable
kotlin.js.JsName
kotlin.reflect.TypeOfKt
io.flutter.embedding.engine.FlutterEngineConnectionRegistry:
    public void add(java.util.Set)
    public io.flutter.embedding.engine.plugins.FlutterPlugin get(java.lang.Class)
    public void attachToActivity(android.app.Activity,androidx.lifecycle.Lifecycle)
    public void attachToService(android.app.Service,androidx.lifecycle.Lifecycle,boolean)
    public void onMoveToForeground()
    public void onMoveToBackground()
    public void attachToBroadcastReceiver(android.content.BroadcastReceiver,androidx.lifecycle.Lifecycle)
    public void attachToContentProvider(android.content.ContentProvider,androidx.lifecycle.Lifecycle)
    private static final java.lang.String TAG
org.intellij.lang.annotations.JdkConstants
androidx.transition.TransitionManager:
    public void <init>()
    private androidx.transition.Transition getTransition(androidx.transition.Scene)
    private static void changeScene(androidx.transition.Scene,androidx.transition.Transition)
    public static void go(androidx.transition.Scene)
    public static void go(androidx.transition.Scene,androidx.transition.Transition)
    public static void beginDelayedTransition(android.view.ViewGroup)
    public static void endTransitions(android.view.ViewGroup)
    public void setTransition(androidx.transition.Scene,androidx.transition.Transition)
    public void setTransition(androidx.transition.Scene,androidx.transition.Scene,androidx.transition.Transition)
    public void transitionTo(androidx.transition.Scene)
    private androidx.collection.ArrayMap mSceneTransitions
    private androidx.collection.ArrayMap mScenePairTransitions
    private static final java.lang.String LOG_TAG
androidx.core.app.JobIntentService$JobServiceEngineImpl$WrapperWorkItem
androidx.core.app.NotificationCompatSideChannelService$NotificationSideChannelStub
kotlin.sequences.USequencesKt
androidx.activity.R$integer
org.intellij.lang.annotations.PrintFormatPattern
com.yalantis.ucrop.OkHttpClientStore:
    void setClient(okhttp3.OkHttpClient)
okhttp3.Challenge
okhttp3.ConnectionPool:
    public synchronized int idleConnectionCount()
    public synchronized int connectionCount()
    public void evictAll()
com.yalantis.ucrop.view.OverlayView$FreestyleMode
io.flutter.plugins.imagepicker.R$string
kotlin.coroutines.experimental.SafeContinuation$Fail
kotlin.collections.ArraysKt___ArraysKt$asSequence$$inlined$Sequence$4
kotlin.reflect.KProperty1$Getter
androidx.core.view.WindowInsetsControllerCompat$Impl
kotlin.reflect.KDeclarationContainer
androidx.appcompat.view.menu.MenuPresenter:
    public abstract androidx.appcompat.view.menu.MenuView getMenuView(android.view.ViewGroup)
    public abstract int getId()
    public abstract android.os.Parcelable onSaveInstanceState()
    public abstract void onRestoreInstanceState(android.os.Parcelable)
kotlin.coroutines.jvm.internal.DebugProbesKt
androidx.drawerlayout.R$integer
androidx.core.os.ProcessCompat$Api16Impl
okhttp3.internal.http.RealResponseBody:
    public okhttp3.MediaType contentType()
com.yalantis.ucrop.UCropFragment$UCropResult
kotlin.collections.AbstractMap$values$1
androidx.core.content.SharedPreferencesCompat
androidx.transition.CanvasUtils
androidx.appcompat.widget.LinearLayoutCompat$OrientationMode
io.flutter.plugins.flutter_plugin_android_lifecycle.R$color